
                             cnt-original-C100
                  X              -Nrockwool   

                0.                -0.         
              287.5E-03            1.27538E+03
              456.25E-03           2.01702E+03
              709.375E-03          3.12966E+03
                1.08906            4.79862E+03
                1.58906            6.99647E+03
                2.08906            9.19433E+03
                2.58906           11.3922E+03 
                3.08906           13.59E+03   
                3.58906           15.7879E+03 
                4.08906           17.9857E+03 
                4.58906           20.1836E+03 
                5.08906           22.3814E+03 
                5.58906           24.5793E+03 
                6.08906           26.7772E+03 
                6.58906           28.975E+03  
                7.08906           31.1729E+03 
                7.58906           33.3707E+03 
                8.08906           35.5686E+03 
                8.58906           37.7664E+03 
                9.08906           39.9643E+03 
                9.58906           42.1609E+03 
               10.0891            44.3569E+03 
               10.5891            46.5531E+03 
               11.0891            48.7467E+03 
               11.5891            50.9327E+03 
               12.0891            53.1101E+03 
               12.5891            55.2822E+03 
               13.0891            57.4368E+03 
               13.5891            59.5752E+03 
               14.0891            61.6996E+03 
               14.5891            63.7897E+03 
               15.0891            65.831E+03  
               15.5891            67.8277E+03 
               16.0891            69.7846E+03 
               16.5891            71.7153E+03 
               17.0891            73.6298E+03 
               17.5891            75.5316E+03 
               18.0891            77.4264E+03 
               18.5891            79.3134E+03 
               19.0891            81.189E+03  
               19.5891            83.0511E+03 
               20.0891            84.8988E+03 
               20.5891            86.711E+03  
               21.0891            88.4922E+03 
               21.5891            90.2665E+03 
               22.0891            92.0291E+03 
               22.5891            93.7743E+03 
               23.0891            95.51E+03   
               23.5891            97.2263E+03 
               24.0891            98.9331E+03 
               24.5891           100.602E+03  
               25.0891           102.239E+03  
               25.5891           103.857E+03  
               26.0891           105.458E+03  
               26.5891           107.037E+03  
               27.0891           108.593E+03  
               27.5891           110.14E+03   
               28.0891           111.681E+03  
               28.5891           113.179E+03  
               29.0891           114.621E+03  
               29.5891           115.988E+03  
               30.0891           117.321E+03  
               30.5891           118.624E+03  
               31.0891           119.897E+03  
               31.5891           121.145E+03  
               32.0891           122.373E+03  
               32.5891           123.579E+03  
               33.0891           124.763E+03  
               33.5891           125.928E+03  
               34.0891           127.076E+03  
               34.5891           128.209E+03  
               35.0891           129.327E+03  
               35.5891           130.43E+03   
               36.0891           131.523E+03  
               36.5891           132.607E+03  
               37.0891           133.68E+03   
               37.5891           134.742E+03  
               38.0891           135.793E+03  
               38.5891           136.834E+03  
               39.0891           137.866E+03  
               39.5891           138.889E+03  
               40.0891           139.902E+03  
               40.5891           140.902E+03  
               41.0891           141.891E+03  
               41.5891           142.872E+03  
               42.0891           143.839E+03  
               42.5891           144.797E+03  
               43.0891           145.747E+03  
               43.5891           146.684E+03  
               44.0891           147.61E+03   
               44.5891           148.528E+03  
               45.0891           149.441E+03  
               45.5891           150.347E+03  
               46.0891           151.247E+03  
               46.5891           152.14E+03   
               47.0891           153.026E+03  
               47.5891           153.907E+03  
               48.0891           154.785E+03  
               48.5891           155.658E+03  
               49.0891           156.527E+03  
               49.5891           157.393E+03  
               50.0891           158.254E+03  
               50.5891           159.112E+03  
               51.0891           159.966E+03  
               51.5891           160.819E+03  
               52.0891           161.669E+03  
               52.5891           162.517E+03  
               53.0891           163.364E+03  
               53.5891           164.209E+03  
               54.0891           165.053E+03  
               54.5891           165.895E+03  
               55.0891           166.734E+03  
               55.5891           167.57E+03   
               56.0891           168.404E+03  
               56.5891           169.235E+03  
               57.0891           170.063E+03  
               57.5891           170.885E+03  
               58.0891           171.704E+03  
               58.5891           172.519E+03  
               59.0891           173.332E+03  
               59.5891           174.141E+03  
               60.0891           174.948E+03  
               60.5891           175.752E+03  
               61.0891           176.553E+03  
               61.5891           177.347E+03  
               62.0891           178.136E+03  
               62.5891           178.917E+03  
               63.0891           179.691E+03  
               63.5891           180.46E+03   
               64.0891           181.223E+03  
               64.5891           181.979E+03  
               65.0891           182.729E+03  
               65.5891           183.473E+03  
               66.0891           184.21E+03   
               66.5891           184.935E+03  
               67.0891           185.653E+03  
               67.5891           186.37E+03   
               68.0891           187.077E+03  
               68.5891           187.77E+03   
               69.0891           188.445E+03  
               69.5891           189.094E+03  
               70.0891           189.714E+03  
               70.5891           190.299E+03  
               71.0891           190.833E+03  
               71.5891           191.317E+03  
               72.0891           191.805E+03  
               72.5891           192.317E+03  
               73.0891           192.829E+03  
               73.5891           193.326E+03  
               74.0891           193.811E+03  
               74.5891           194.285E+03  
               75.0891           194.748E+03  
               75.5891           195.197E+03  
               76.0891           195.635E+03  
               76.5891           196.063E+03  
               77.0891           196.482E+03  
               77.5891           196.893E+03  
               78.0891           197.295E+03  
               78.5891           197.691E+03  
               79.0891           198.08E+03   
               79.5891           198.463E+03  
               80.0891           198.841E+03  
               80.5891           199.215E+03  
               81.0891           199.584E+03  
               81.5891           199.949E+03  
               82.0891           200.309E+03  
               82.5891           200.666E+03  
               83.0891           201.018E+03  
               83.5891           201.368E+03  
               84.0891           201.715E+03  
               84.5891           202.06E+03   
               85.0891           202.402E+03  
               85.5891           202.741E+03  
               86.0891           203.081E+03  
               86.5891           203.418E+03  
               87.0891           203.752E+03  
               87.5891           204.085E+03  
               88.0891           204.418E+03  
               88.5891           204.749E+03  
               89.0891           205.078E+03  
               89.5891           205.404E+03  
               90.0891           205.728E+03  
               90.5891           206.053E+03  
               91.0891           206.376E+03  
               91.5891           206.698E+03  
               92.0891           207.02E+03   
               92.5891           207.341E+03  
               93.0891           207.663E+03  
               93.5891           207.984E+03  
               94.0891           208.306E+03  
               94.5891           208.627E+03  
               95.0891           208.948E+03  
               95.5891           209.269E+03  
               96.0891           209.589E+03  
               96.5891           209.91E+03   
               97.0891           210.23E+03   
               97.5891           210.55E+03   
               98.0891           210.87E+03   
               98.5891           211.191E+03  
               99.0891           211.512E+03  
               99.5891           211.834E+03  
              100.089            212.156E+03  
              100.589            212.48E+03   
              101.089            212.805E+03  
              101.589            213.132E+03  
              102.089            213.459E+03  
              102.589            213.786E+03  
              103.089            214.115E+03  
              103.589            214.444E+03  
              104.089            214.774E+03  
              104.589            215.105E+03  
              105.089            215.436E+03  
              105.589            215.769E+03  
              106.089            216.102E+03  
              106.589            216.436E+03  
              107.089            216.771E+03  
              107.589            217.105E+03  
              108.089            217.44E+03   
              108.589            217.774E+03  
              109.089            218.106E+03  
              109.589            218.439E+03  
              110.089            218.772E+03  
              110.589            219.104E+03  
              111.089            219.436E+03  
              111.589            219.768E+03  
              112.089            220.099E+03  
              112.589            220.431E+03  
              113.089            220.762E+03  
              113.589            221.094E+03  
              114.089            221.425E+03  
              114.589            221.755E+03  
              115.089            222.085E+03  
              115.589            222.415E+03  
              116.089            222.744E+03  
              116.589            223.074E+03  
              117.089            223.403E+03  
              117.589            223.732E+03  
              118.089            224.061E+03  
              118.589            224.389E+03  
              119.089            224.718E+03  
              119.589            225.046E+03  
              120.089            225.375E+03  
              120.589            225.704E+03  
              121.089            226.032E+03  
              121.589            226.36E+03   
              122.089            226.687E+03  
              122.589            227.014E+03  
              123.089            227.341E+03  
              123.589            227.666E+03  
              124.089            227.991E+03  
              124.589            228.316E+03  
              125.089            228.639E+03  
              125.589            228.963E+03  
              126.089            229.285E+03  
              126.589            229.607E+03  
              127.089            229.927E+03  
              127.589            230.247E+03  
              128.089            230.567E+03  
              128.589            230.886E+03  
              129.089            231.204E+03  
              129.589            231.516E+03  
              130.089            231.826E+03  
              130.589            232.133E+03  
              131.089            232.439E+03  
              131.589            232.744E+03  
              132.089            233.049E+03  
              132.589            233.353E+03  
              133.089            233.656E+03  
              133.589            233.96E+03   
              134.089            234.265E+03  
              134.589            234.565E+03  
              135.089            234.864E+03  
              135.589            235.163E+03  
              136.089            235.462E+03  
              136.589            235.761E+03  
              137.089            236.055E+03  
              137.589            236.345E+03  
              138.089            236.635E+03  
              138.589            236.923E+03  
              139.089            237.21E+03   
              139.589            237.497E+03  
              140.089            237.783E+03  
              140.589            238.066E+03  
              140.714            238.137E+03  
              140.902            238.242E+03  
              141.183            238.4E+03    
              141.605            238.635E+03  
              142.105            238.912E+03  
              142.605            239.184E+03  
              143.105            239.456E+03  
              143.605            239.728E+03  
              144.105            239.999E+03  
              144.605            240.269E+03  
              145.105            240.538E+03  
              145.605            240.803E+03  
              146.105            241.068E+03  
              146.605            241.332E+03  
              147.105            241.596E+03  
              147.605            241.861E+03  
              148.105            242.126E+03  
              148.605            242.391E+03  
              149.105            242.656E+03  
              149.605            242.917E+03  
              150.105            243.178E+03  
              150.605            243.438E+03  
              151.105            243.698E+03  
              151.605            243.957E+03  
              152.105            244.216E+03  
              152.605            244.474E+03  
              153.105            244.73E+03   
              153.605            244.982E+03  
              154.105            245.234E+03  
              154.605            245.484E+03  
              155.105            245.735E+03  
              155.605            245.985E+03  
              156.105            246.234E+03  
              156.605            246.483E+03  
              157.105            246.733E+03  
              157.605            246.983E+03  
              158.105            247.232E+03  
              158.605            247.481E+03  
              159.105            247.729E+03  
              159.605            247.978E+03  
              160.105            248.227E+03  
              160.605            248.477E+03  
              161.105            248.728E+03  
              161.605            248.979E+03  
              162.105            249.229E+03  
              162.605            249.479E+03  
              163.105            249.727E+03  
              163.605            249.974E+03  
              164.105            250.222E+03  
              164.605            250.469E+03  
              165.105            250.715E+03  
              165.605            250.96E+03   
              166.105            251.203E+03  
              166.605            251.444E+03  
              167.105            251.681E+03  
              167.605            251.906E+03  
              168.105            252.105E+03  
              168.605            252.29E+03   
              169.105            252.507E+03  
              169.605            252.74E+03   
              170.105            252.977E+03  
              170.605            253.216E+03  
              171.105            253.454E+03  
              171.605            253.692E+03  
              172.105            253.928E+03  
              172.605            254.162E+03  
              173.105            254.394E+03  
              173.605            254.624E+03  
              174.105            254.852E+03  
              174.605            255.077E+03  
              175.105            255.298E+03  
              175.605            255.513E+03  
              176.105            255.721E+03  
              176.605            255.921E+03  
              177.105            256.11E+03   
              177.605            256.28E+03   
              178.105            256.42E+03   
              178.605            256.529E+03  
              179.105            256.535E+03  
              179.605            256.452E+03  
              180.105            256.593E+03  
              180.605            256.784E+03  
              181.105            256.987E+03  
              181.605            257.188E+03  
              182.105            257.385E+03  
              182.605            257.587E+03  
              183.105            257.787E+03  
              183.605            257.986E+03  
              184.105            258.184E+03  
              184.605            258.377E+03  
              185.105            258.567E+03  
              185.605            258.749E+03  
              186.105            258.922E+03  
              186.605            259.08E+03   
              187.105            259.251E+03  
              187.605            259.433E+03  
              188.105            259.621E+03  
              188.605            259.805E+03  
              189.105            259.984E+03  
              189.605            260.156E+03  
              190.105            260.313E+03  
              190.605            260.457E+03  
              191.105            260.615E+03  
              191.605            260.773E+03  
              192.105            260.928E+03  
              192.605            261.079E+03  
              193.105            261.224E+03  
              193.605            261.366E+03  
              194.105            261.5E+03    
              194.605            261.629E+03  
              195.105            261.752E+03  
              195.605            261.862E+03  
              196.105            261.96E+03   
              196.605            262.042E+03  
              197.105            262.097E+03  
              197.605            262.105E+03  
              198.105            262.013E+03  
              198.605            261.844E+03  
              198.917            261.723E+03  
              199.105            261.646E+03  
              199.222            261.596E+03  
              199.486            261.478E+03  
              199.723            261.357E+03  
              200.079            261.166E+03  
              200.579            260.812E+03  
              201.079            260.157E+03  
              201.579            259.208E+03  
              202.079            258.23E+03   
              202.579            257.407E+03  
              203.079            256.705E+03  
              203.204            256.561E+03  
              203.673            256.152E+03  
              203.936            255.976E+03  
              204.174            255.89E+03   
              204.529            255.796E+03  
              205.029            255.693E+03  
              205.529            255.59E+03   
              206.029            255.436E+03  
              206.529            255.245E+03  
              207.029            255.149E+03  
              207.529            255.144E+03  
              208.029            255.216E+03  
              208.529            255.294E+03  
              209.029            255.387E+03  
              209.529            255.505E+03  
              210.029            255.588E+03  
              210.529            255.725E+03  
              211.029            255.882E+03  
              211.529            256.047E+03  
              212.029            256.226E+03  
              212.529            256.411E+03  
              213.029            256.597E+03  
              213.529            256.784E+03  
              214.029            256.968E+03  
              214.529            257.148E+03  
              215.029            257.323E+03  
              215.529            257.524E+03  
              216.029            257.732E+03  
              216.529            257.937E+03  
              217.029            258.167E+03  
              217.529            258.398E+03  
              218.029            258.628E+03  
              218.529            258.854E+03  
              219.029            259.079E+03  
              219.529            259.301E+03  
              220.029            259.523E+03  
              220.529            259.748E+03  
              221.029            259.969E+03  
              221.529            260.187E+03  
              222.029            260.403E+03  
              222.342            260.536E+03  
              222.623            260.653E+03  
              223.045            260.825E+03  
              223.545            261.025E+03  
              224.045            261.226E+03  
              224.545            261.424E+03  
              225.045            261.615E+03  
              225.545            261.801E+03  
              226.045            261.985E+03  
              226.545            262.164E+03  
              227.045            262.339E+03  
              227.545            262.516E+03  
              228.045            262.696E+03  
              228.545            262.876E+03  
              229.045            263.054E+03  
              229.545            263.229E+03  
              230.045            263.405E+03  
              230.545            263.579E+03  
              231.045            263.752E+03  
              231.358            263.857E+03  
              231.639            263.944E+03  
              232.061            264.066E+03  
              232.561            264.23E+03   
              233.061            264.377E+03  
              233.561            264.494E+03  
              234.061            264.573E+03  
              234.561            264.568E+03  
              235.061            264.238E+03  
              235.561            263.502E+03  
              236.061            262.545E+03  
              236.561            261.689E+03  
              236.686            261.483E+03  
              236.873            261.178E+03  
              237.049            260.904E+03  
              237.218            260.629E+03  
              237.419            260.385E+03  
              237.775            260.08E+03   
              238.096            259.853E+03  
              238.216            259.778E+03  
              238.667            259.618E+03  
              239.073            259.505E+03  
              239.573            259.404E+03  
              240.073            259.226E+03  
              240.573            259.014E+03  
              241.073            258.797E+03  
              241.573            258.743E+03  
              242.073            258.762E+03  
              242.573            258.812E+03  
              243.073            258.859E+03  
              243.573            258.95E+03   
              244.073            259.026E+03  
              244.573            259.099E+03  
              245.073            259.222E+03  
              245.573            259.352E+03  
              246.073            259.496E+03  
              246.573            259.645E+03  
              247.073            259.782E+03  
              247.573            259.896E+03  
              248.073            259.96E+03   
              248.573            259.954E+03  
              249.073            259.865E+03  
              249.573            259.781E+03  
              250.073            259.757E+03  
              250.573            259.775E+03  
              251.073            259.857E+03  
              251.573            259.954E+03  
              252.073            260.083E+03  
              252.573            260.228E+03  
              253.073            260.381E+03  
              253.573            260.532E+03  
              254.073            260.683E+03  
              254.573            260.784E+03  
              254.698            260.801E+03  
              254.886            260.828E+03  
              255.167            260.884E+03  
              255.448            260.946E+03  
              255.73             261.015E+03  
              256.151            261.112E+03  
              256.276            261.138E+03  
              256.464            261.175E+03  
              256.745            261.248E+03  
              257.167            261.369E+03  
              257.667            261.494E+03  
              258.167            261.604E+03  
              258.667            261.735E+03  
              259.167            261.905E+03  
              259.667            262.083E+03  
              260.167            262.257E+03  
              260.667            262.419E+03  
              261.167            262.566E+03  
              261.667            262.703E+03  
              262.167            262.831E+03  
              262.667            262.954E+03  
              262.98             263.026E+03  
              263.261            263.085E+03  
              263.525            263.131E+03  
              263.762            263.176E+03  
              264.118            263.25E+03   
              264.618            263.358E+03  
              265.118            263.456E+03  
              265.618            263.565E+03  
              266.118            263.681E+03  
              266.618            263.796E+03  
              267.118            263.908E+03  
              267.618            264.011E+03  
              268.118            264.097E+03  
              268.618            264.195E+03  
              269.118            264.292E+03  
              269.618            264.384E+03  
              270.118            264.469E+03  
              270.618            264.551E+03  
              271.118            264.629E+03  
              271.618            264.706E+03  
              272.118            264.788E+03  
              272.618            264.878E+03  
              273.118            264.971E+03  
              273.618            265.058E+03  
              274.118            265.141E+03  
              274.243            265.161E+03  
              274.43             265.189E+03  




