
                  X               XYData-1    

                0.                -0.         
              200.E-03             1.00519E+03
              400.E-03             1.94697E+03
              600.E-03             2.90416E+03
              900.E-03             4.34083E+03
                1.35               6.49585E+03
                1.85               8.89032E+03
                2.35              11.2848E+03 
                2.85              13.6792E+03 
                3.35              16.0737E+03 
                3.85              18.4682E+03 
                4.35              20.8626E+03 
                4.85              23.2571E+03 
                5.35              25.6516E+03 
                5.85              28.046E+03  
                6.35              30.4405E+03 
                6.85              32.835E+03  
                7.35              35.2294E+03 
                7.85              37.6239E+03 
                8.35              40.0184E+03 
                8.85              42.4128E+03 
                9.35              44.8073E+03 
                9.85              47.2015E+03 
               10.35              49.5947E+03 
               10.85              51.9875E+03 
               11.35              54.3794E+03 
               11.85              56.7709E+03 
               12.35              59.1535E+03 
               12.85              61.5298E+03 
               13.35              63.9023E+03 
               13.475             64.4945E+03 
               13.6625            65.3804E+03 
               13.9438            66.7041E+03 
               14.3656            68.6823E+03 
               14.8656            71.019E+03  
               15.3656            73.3424E+03 
               15.8656            75.6446E+03 
               16.3656            77.9168E+03 
               16.8656            80.1559E+03 
               17.3656            82.3686E+03 
               17.8656            84.5567E+03 
               18.3656            86.7291E+03 
               18.8656            88.8954E+03 
               19.3656            91.0579E+03 
               19.8656            93.2171E+03 
               20.3656            95.3694E+03 
               20.8656            97.5164E+03 
               21.3656            99.6601E+03 
               21.8656           101.802E+03  
               22.3656           103.94E+03   
               22.8656           106.078E+03  
               23.3656           108.216E+03  
               23.8656           110.349E+03  
               24.3656           112.476E+03  
               24.8656           114.598E+03  
               25.3656           116.708E+03  
               25.8656           118.818E+03  
               26.3656           120.922E+03  
               26.8656           123.019E+03  
               27.3656           125.108E+03  
               27.8656           127.182E+03  
               28.3656           129.239E+03  
               28.8656           131.282E+03  
               29.3656           133.302E+03  
               29.8656           135.263E+03  
               30.3656           137.174E+03  
               30.8656           139.039E+03  
               31.3656           140.851E+03  
               31.8656           142.623E+03  
               32.3656           144.363E+03  
               32.8656           146.057E+03  
               33.3656           147.702E+03  
               33.8656           149.295E+03  
               34.3656           150.853E+03  
               34.8656           152.371E+03  
               35.3656           153.841E+03  
               35.8656           155.272E+03  
               36.3656           156.673E+03  
               36.8656           158.055E+03  
               37.3656           159.42E+03   
               37.8656           160.769E+03  
               38.3656           162.098E+03  
               38.8656           163.406E+03  
               39.3656           164.693E+03  
               39.8656           165.963E+03  
               40.3656           167.22E+03   
               40.8656           168.431E+03  
               41.3656           169.62E+03   
               41.8656           170.792E+03  
               42.3656           171.938E+03  
               42.8656           173.068E+03  
               43.3656           174.186E+03  
               43.8656           175.293E+03  
               44.3656           176.388E+03  
               44.8656           177.472E+03  
               45.3656           178.545E+03  
               45.8656           179.605E+03  
               46.3656           180.656E+03  
               46.8656           181.701E+03  
               47.3656           182.738E+03  
               47.8656           183.766E+03  
               48.3656           184.788E+03  
               48.8656           185.804E+03  
               49.3656           186.813E+03  
               49.8656           187.815E+03  
               50.3656           188.811E+03  
               50.8656           189.801E+03  
               51.3656           190.788E+03  
               51.8656           191.768E+03  
               52.3656           192.739E+03  
               52.8656           193.702E+03  
               53.3656           194.649E+03  
               53.8656           195.582E+03  
               54.3656           196.501E+03  
               54.8656           197.403E+03  
               55.3656           198.279E+03  
               55.8656           199.123E+03  
               56.3656           199.939E+03  
               56.8656           200.725E+03  
               57.3656           201.484E+03  
               57.8656           202.218E+03  
               58.3656           202.927E+03  
               58.8656           203.622E+03  
               59.3656           204.306E+03  
               59.8656           204.977E+03  
               60.3656           205.637E+03  
               60.8656           206.288E+03  
               61.3656           206.929E+03  
               61.8656           207.563E+03  
               62.3656           208.189E+03  
               62.8656           208.809E+03  
               63.3656           209.423E+03  
               63.8656           210.033E+03  
               64.3656           210.639E+03  
               64.8656           211.24E+03   
               65.3656           211.834E+03  
               65.8656           212.423E+03  
               66.3656           213.006E+03  
               66.8656           213.584E+03  
               67.3656           214.157E+03  
               67.8656           214.724E+03  
               68.3656           215.286E+03  
               68.8656           215.843E+03  
               69.3656           216.396E+03  
               69.8656           216.947E+03  
               70.3656           217.495E+03  
               70.8656           218.04E+03   
               71.3656           218.586E+03  
               71.8656           219.133E+03  
               72.3656           219.685E+03  
               72.8656           220.239E+03  
               73.3656           220.798E+03  
               73.8656           221.36E+03   
               74.3656           221.924E+03  
               74.8656           222.493E+03  
               75.3656           223.067E+03  
               75.8656           223.65E+03   
               76.3656           224.242E+03  
               76.8656           224.845E+03  
               77.3656           225.454E+03  
               77.8656           226.07E+03   
               78.3656           226.694E+03  
               78.8656           227.324E+03  
               79.3656           227.96E+03   
               79.8656           228.6E+03    
               80.3656           229.245E+03  
               80.8656           229.894E+03  
               81.3656           230.548E+03  
               81.8656           231.202E+03  
               82.3656           231.852E+03  
               82.8656           232.501E+03  
               83.3656           233.153E+03  
               83.8656           233.807E+03  
               84.3656           234.462E+03  
               84.8656           235.118E+03  
               85.3656           235.778E+03  
               85.8656           236.439E+03  
               86.3656           237.102E+03  
               86.8656           237.763E+03  
               87.3656           238.426E+03  
               87.8656           239.087E+03  
               88.3656           239.752E+03  
               88.8656           240.422E+03  
               89.3656           241.091E+03  
               89.8656           241.76E+03   
               90.3656           242.431E+03  
               90.8656           243.104E+03  
               91.3656           243.776E+03  
               91.8656           244.446E+03  
               92.3656           245.114E+03  
               92.8656           245.778E+03  
               93.3656           246.436E+03  
               93.8656           247.091E+03  
               94.3656           247.742E+03  
               94.8656           248.39E+03   
               95.3656           249.034E+03  
               95.8656           249.674E+03  
               96.3656           250.312E+03  
               96.8656           250.945E+03  
               97.3656           251.574E+03  
               97.8656           252.196E+03  
               98.3656           252.809E+03  
               98.8656           253.416E+03  
               99.3656           254.016E+03  
               99.8656           254.611E+03  
              100.366            255.203E+03  
              100.866            255.79E+03   
              101.366            256.372E+03  
              101.866            256.949E+03  
              102.366            257.523E+03  
              102.866            258.085E+03  
              103.366            258.649E+03  
              103.866            259.213E+03  
              104.366            259.778E+03  
              104.866            260.339E+03  
              105.366            260.896E+03  
              105.866            261.449E+03  
              106.366            261.998E+03  
              106.866            262.545E+03  
              107.366            263.089E+03  
              107.866            263.63E+03   
              108.366            264.171E+03  
              108.866            264.709E+03  
              109.366            265.239E+03  
              109.866            265.775E+03  
              110.366            266.312E+03  
              110.866            266.848E+03  
              111.366            267.381E+03  
              111.866            267.911E+03  
              112.366            268.444E+03  
              112.866            268.979E+03  
              113.366            269.514E+03  
              113.866            270.047E+03  
              114.366            270.579E+03  
              114.866            271.111E+03  
              115.366            271.641E+03  
              115.866            272.169E+03  
              116.366            272.696E+03  
              116.866            273.223E+03  
              117.366            273.751E+03  
              117.866            274.277E+03  
              118.366            274.801E+03  
              118.866            275.326E+03  
              119.366            275.849E+03  
              119.866            276.371E+03  
              120.366            276.892E+03  
              120.866            277.41E+03   
              121.366            277.926E+03  
              121.866            278.44E+03   
              122.366            278.958E+03  
              122.866            279.464E+03  
              123.366            279.975E+03  
              123.866            280.485E+03  
              124.366            280.993E+03  
              124.866            281.5E+03    
              125.366            282.006E+03  
              125.866            282.509E+03  
              126.366            283.011E+03  
              126.866            283.511E+03  
              127.366            284.008E+03  
              127.866            284.503E+03  
              128.366            284.996E+03  
              128.866            285.488E+03  
              129.366            285.978E+03  
              129.866            286.466E+03  
              130.366            286.951E+03  
              130.866            287.434E+03  
              131.366            287.915E+03  
              131.866            288.394E+03  
              132.366            288.87E+03   
              132.866            289.344E+03  
              133.366            289.816E+03  
              133.866            290.288E+03  
              134.366            290.757E+03  
              134.866            291.225E+03  
              135.366            291.691E+03  
              135.866            292.155E+03  
              136.366            292.617E+03  
              136.866            293.076E+03  
              137.366            293.532E+03  
              137.866            293.987E+03  
              138.366            294.441E+03  
              138.866            294.894E+03  
              139.366            295.344E+03  
              139.866            295.793E+03  
              140.366            296.241E+03  
              140.866            296.686E+03  
              141.366            297.129E+03  
              141.866            297.57E+03   
              142.366            298.009E+03  
              142.866            298.447E+03  
              143.366            298.882E+03  
              143.866            299.317E+03  
              144.366            299.751E+03  
              144.866            300.182E+03  
              145.366            300.612E+03  
              145.866            301.041E+03  
              146.366            301.467E+03  
              146.866            301.891E+03  
              147.366            302.313E+03  
              147.866            302.733E+03  
              148.366            303.151E+03  
              148.866            303.567E+03  
              149.366            303.982E+03  
              149.866            304.395E+03  
              150.366            304.805E+03  
              150.866            305.214E+03  
              151.366            305.622E+03  
              151.866            306.028E+03  
              152.366            306.433E+03  
              152.866            306.838E+03  
              153.366            307.241E+03  
              153.866            307.643E+03  
              154.366            308.043E+03  
              154.866            308.442E+03  
              155.366            308.841E+03  
              155.866            309.238E+03  
              156.366            309.634E+03  
              156.866            310.03E+03   
              157.366            310.424E+03  
              157.866            310.818E+03  
              158.366            311.208E+03  
              158.866            311.597E+03  
              159.366            311.985E+03  
              159.866            312.371E+03  
              160.366            312.755E+03  
              160.428            312.803E+03  
              160.682            312.997E+03  
              160.84             313.118E+03  
              161.122            313.334E+03  
              161.322            313.487E+03  
              161.623            313.716E+03  
              162.073            314.058E+03  
              162.573            314.436E+03  
              163.073            314.81E+03   
              163.573            315.182E+03  
              164.073            315.553E+03  
              164.573            315.923E+03  
              165.073            316.291E+03  
              165.573            316.657E+03  
              166.073            317.02E+03   
              166.573            317.38E+03   
              167.073            317.739E+03  
              167.573            318.094E+03  
              168.073            318.448E+03  
              168.573            318.8E+03    
              169.073            319.15E+03   
              169.573            319.499E+03  
              170.073            319.846E+03  
              170.573            320.191E+03  
              171.073            320.535E+03  
              171.573            320.876E+03  
              172.073            321.216E+03  
              172.573            321.553E+03  
              173.073            321.887E+03  
              173.573            322.22E+03   
              174.073            322.55E+03   
              174.573            322.878E+03  
              175.073            323.202E+03  
              175.573            323.523E+03  
              176.073            323.84E+03   
              176.573            324.153E+03  
              177.073            324.462E+03  
              177.573            324.768E+03  
              178.073            325.071E+03  
              178.573            325.371E+03  
              179.073            325.668E+03  
              179.573            325.96E+03   
              180.073            326.246E+03  
              180.573            326.528E+03  
              181.073            326.805E+03  
              181.573            327.077E+03  
              182.073            327.346E+03  
              182.573            327.612E+03  
              183.073            327.872E+03  
              183.573            328.124E+03  
              184.073            328.371E+03  
              184.573            328.611E+03  
              185.073            328.843E+03  
              185.573            329.065E+03  
              186.073            329.273E+03  
              186.573            329.455E+03  
              187.073            329.595E+03  
              187.573            329.612E+03  
              187.698            329.708E+03  
              187.823            329.669E+03  
              188.011            329.502E+03  
              188.292            327.732E+03  
              188.556            322.235E+03  
              188.793            309.311E+03  
              189.149            291.25E+03   
              189.238            288.359E+03  
              189.46             281.583E+03  
              189.66             277.84E+03   
              189.961            274.425E+03  
              190.411            271.736E+03  
              190.862            270.201E+03  
              191.312            269.214E+03  
              191.812            268.517E+03  
              192.312            267.792E+03  
              192.812            265.481E+03  
              193.312            261.307E+03  
              193.812            257.712E+03  
              194.312            254.854E+03  
              194.812            252.524E+03  
              195.312            250.461E+03  
              195.812            248.212E+03  
              196.312            246.159E+03  
              196.812            244.66E+03   
              197.312            243.611E+03  
              197.812            242.821E+03  
              198.312            242.167E+03  
              198.812            241.61E+03   
              199.312            241.079E+03  
              199.812            240.598E+03  
              200.312            240.161E+03  
              200.812            239.723E+03  
              201.312            239.28E+03   
              201.437            239.168E+03  
              201.66             238.966E+03  
              201.812            248.552E+03  
              202.034            249.264E+03  
              202.234            249.302E+03  
              202.535            249.189E+03  
              202.985            248.907E+03  
              203.485            248.518E+03  
              203.985            248.129E+03  
              204.485            247.773E+03  
              204.985            247.461E+03  
              205.11             247.386E+03  
              205.298            247.279E+03  
              205.434            247.206E+03  
              205.612            247.14E+03   
              205.834            247.03E+03   
              206.035            246.927E+03  
              206.26             246.829E+03  
              206.415            246.745E+03  
              206.671            246.639E+03  
              206.972            246.488E+03  
              207.242            246.362E+03  
              207.513            246.253E+03  
              207.784            246.138E+03  
              208.189            245.96E+03   
              208.595            245.808E+03  
              209.001            245.672E+03  
              209.407            245.523E+03  
              209.813            245.397E+03  
              210.219            245.249E+03  
              210.719            245.059E+03  
              211.219            244.896E+03  
              211.719            244.74E+03   
              212.219            244.594E+03  
              212.719            244.43E+03   
              213.219            244.268E+03  
              213.719            244.112E+03  
              214.219            243.972E+03  
              214.719            243.855E+03  
              214.844            243.821E+03  
              215.034            243.771E+03  
              215.256            243.712E+03  
              215.456            243.66E+03   
              215.757            243.584E+03  
              216.207            243.47E+03   
              216.707            243.344E+03  
              217.207            243.229E+03  
              217.707            243.085E+03  
              218.207            242.936E+03  
              218.707            242.778E+03  
              219.207            242.616E+03  
              219.707            242.448E+03  
              219.832            242.402E+03  
              220.02             242.331E+03  
              220.205            242.26E+03   
              220.401            242.157E+03  
              220.683            242.035E+03  
              220.936            241.933E+03  
              221.316            241.766E+03  
              221.816            241.541E+03  
              222.129            241.367E+03  
              222.41             241.22E+03   
              222.832            241.007E+03  
              223.144            240.82E+03   
              223.426            240.678E+03  
              223.707            240.549E+03  
              223.988            240.41E+03   
              224.41             240.215E+03  
              224.832            240.027E+03  
              225.254            239.816E+03  
              225.754            239.54E+03   
              226.254            239.169E+03  
              226.754            238.532E+03  
              227.254            237.784E+03  
              227.754            236.972E+03  
              228.254            236.253E+03  
              228.754            235.71E+03   
              229.254            235.298E+03  
              229.754            234.904E+03  
              230.254            234.551E+03  
              230.566            234.28E+03   
              230.847            234.073E+03  
              231.052            233.882E+03  
              231.274            233.701E+03  
              231.474            233.568E+03  
              231.775            233.411E+03  
              232.225            233.165E+03  
              232.676            232.886E+03  
              233.126            232.622E+03  
              233.626            232.331E+03  
              234.126            232.036E+03  
              234.626            231.734E+03  
              235.126            231.419E+03  
              235.626            231.092E+03  
              236.126            230.749E+03  
              236.251            230.639E+03  
              236.419            230.421E+03  
              236.69             230.191E+03  
              236.859            230.066E+03  
              237.112            229.886E+03  
              237.492            229.63E+03   
              237.992            229.309E+03  
              238.492            228.973E+03  
              238.992            228.619E+03  
              239.492            228.292E+03  
              239.992            227.975E+03  
              240.492            227.668E+03  
              240.992            227.352E+03  
              241.492            227.054E+03  
              241.992            226.761E+03  
              242.492            226.471E+03  
              242.992            226.18E+03   
              243.492            225.866E+03  
              243.992            225.531E+03  
              244.492            225.196E+03  
              244.992            224.858E+03  
              245.492            224.523E+03  
              245.992            224.174E+03  
              246.492            223.803E+03  
              246.992            223.41E+03   
              247.492            222.98E+03   
              247.992            222.533E+03  
              248.492            222.076E+03  
              248.992            221.628E+03  
              249.492            221.194E+03  
              249.992            220.769E+03  
              250.492            220.364E+03  
              250.992            219.995E+03  
              251.492            219.654E+03  
              251.992            219.338E+03  
              252.492            219.061E+03  
              252.992            218.824E+03  
              253.492            218.583E+03  
              253.992            218.382E+03  
              254.492            218.21E+03   
              254.992            218.04E+03   
              255.492            217.871E+03  
              255.992            217.704E+03  
              256.492            217.532E+03  
              256.992            217.35E+03   
              257.492            217.163E+03  
              257.992            216.97E+03   
              258.492            216.774E+03  
              258.992            216.574E+03  
              259.492            216.38E+03   
              259.992            216.184E+03  
              260.492            215.992E+03  
              260.992            215.823E+03  
              261.492            215.655E+03  
              261.992            215.504E+03  
              262.492            215.365E+03  
              262.992            215.234E+03  
              263.492            215.114E+03  
              263.992            215.003E+03  
              264.492            214.899E+03  
              264.992            214.799E+03  
              265.492            214.713E+03  
              265.992            214.619E+03  
              266.492            214.526E+03  
              266.992            214.427E+03  
              267.492            214.329E+03  
              267.992            214.227E+03  
              268.492            214.112E+03  
              268.992            213.999E+03  
              269.492            213.885E+03  
              269.992            213.762E+03  
              270.492            213.631E+03  
              270.992            213.505E+03  
              271.492            213.376E+03  
              271.992            213.236E+03  
              272.492            213.096E+03  
              272.992            212.938E+03  
              273.492            212.775E+03  
              273.992            212.616E+03  
              274.492            212.476E+03  
              274.992            212.35E+03   
              275.492            212.231E+03  
              275.992            212.119E+03  
              276.492            212.019E+03  
              276.992            211.913E+03  
              277.492            211.815E+03  
              277.992            211.727E+03  
              278.492            211.651E+03  
              278.992            211.578E+03  
              279.492            211.521E+03  
              279.992            211.465E+03  
              280.492            211.411E+03  
              280.992            211.366E+03  
              281.492            211.337E+03  
              281.992            211.309E+03  
              282.492            211.284E+03  
              282.992            211.262E+03  
              283.492            211.244E+03  
              283.992            211.223E+03  
              284.492            211.205E+03  
              284.992            211.184E+03  
              285.492            211.172E+03  
              285.992            211.158E+03  
              286.492            211.147E+03  
              286.992            211.137E+03  
              287.492            211.123E+03  
              287.992            211.11E+03   
              288.492            211.098E+03  
              288.992            211.091E+03  
              289.492            211.086E+03  
              289.992            211.081E+03  
              290.492            211.076E+03  
              290.617            211.069E+03  
              290.805            211.061E+03  
              291.086            211.056E+03  
              291.35             211.046E+03  
              291.587            211.048E+03  
              291.824            211.053E+03  
              292.062            211.051E+03  
              292.418            211.049E+03  
              292.918            211.05E+03   
              293.418            211.046E+03  
              293.918            211.042E+03  
              294.418            211.035E+03  
              294.918            211.025E+03  
              295.418            211.015E+03  
              295.918            211.005E+03  
              296.418            210.991E+03  
              296.918            210.975E+03  
              297.418            210.958E+03  
              297.918            210.94E+03   
              298.418            210.921E+03  
              298.918            210.9E+03    
              299.418            210.876E+03  
              299.918            210.851E+03  
              300.               210.843E+03  




