
                  X               XYData-1    

                0.                -0.         
              287.5E-03            1.34772E+03
              456.25E-03           2.13155E+03
              709.375E-03          3.30736E+03
                1.08906            5.0711E+03 
                1.58906            7.39377E+03
                2.08906            9.71644E+03
                2.58906           12.0391E+03 
                3.08906           14.3618E+03 
                3.58906           16.6844E+03 
                4.08906           19.0071E+03 
                4.58906           21.3298E+03 
                5.08906           23.6525E+03 
                5.58906           25.9751E+03 
                6.08906           28.2978E+03 
                6.58906           30.6205E+03 
                7.08906           32.9431E+03 
                7.58906           35.2658E+03 
                8.08906           37.5885E+03 
                8.58906           39.9111E+03 
                9.08906           42.2338E+03 
                9.58906           44.5565E+03 
               10.0891            46.8786E+03 
               10.5891            49.2E+03    
               11.0891            51.5211E+03 
               11.5891            53.8414E+03 
               12.0891            56.16E+03   
               12.5891            58.469E+03  
               13.0891            60.7735E+03 
               13.5891            63.074E+03  
               14.0891            65.3628E+03 
               14.5891            67.6375E+03 
               15.0891            69.9039E+03 
               15.5891            72.1579E+03 
               16.0891            74.3924E+03 
               16.5891            76.5983E+03 
               17.0891            78.771E+03  
               17.5891            80.917E+03  
               18.0891            83.0377E+03 
               18.5891            85.1424E+03 
               19.0891            87.2371E+03 
               19.5891            89.334E+03  
               20.0891            91.4245E+03 
               20.5891            93.5091E+03 
               21.0891            95.5882E+03 
               21.5891            97.6638E+03 
               22.0891            99.7376E+03 
               22.5891           101.808E+03  
               23.0891           103.878E+03  
               23.5891           105.948E+03  
               24.0891           108.012E+03  
               24.5891           110.064E+03  
               25.0891           112.107E+03  
               25.2141           112.617E+03  
               25.4016           113.382E+03  
               25.6828           114.531E+03  
               25.9465           115.607E+03  
               26.1838           116.575E+03  
               26.5397           118.023E+03  
               27.0397           120.05E+03   
               27.5397           122.059E+03  
               28.0397           124.058E+03  
               28.5397           126.046E+03  
               29.0397           128.001E+03  
               29.5397           129.884E+03  
               30.0397           131.741E+03  
               30.5397           133.544E+03  
               31.0397           135.312E+03  
               31.5397           137.056E+03  
               32.0397           138.765E+03  
               32.5397           140.442E+03  
               33.0397           142.075E+03  
               33.5397           143.653E+03  
               34.0397           145.181E+03  
               34.5397           146.656E+03  
               35.0397           148.083E+03  
               35.5397           149.472E+03  
               36.0397           150.837E+03  
               36.5397           152.174E+03  
               37.0397           153.486E+03  
               37.5397           154.78E+03   
               38.0397           156.055E+03  
               38.5397           157.306E+03  
               39.0397           158.517E+03  
               39.5397           159.685E+03  
               40.0397           160.832E+03  
               40.5397           161.951E+03  
               41.0397           163.042E+03  
               41.5397           164.115E+03  
               42.0397           165.171E+03  
               42.5397           166.216E+03  
               43.0397           167.249E+03  
               43.5397           168.27E+03   
               44.0397           169.281E+03  
               44.5397           170.281E+03  
               45.0397           171.269E+03  
               45.5397           172.247E+03  
               46.0397           173.217E+03  
               46.5397           174.178E+03  
               47.0397           175.134E+03  
               47.5397           176.084E+03  
               48.0397           177.03E+03   
               48.5397           177.971E+03  
               49.0397           178.908E+03  
               49.5397           179.841E+03  
               50.0397           180.77E+03   
               50.5397           181.695E+03  
               51.0397           182.618E+03  
               51.5397           183.535E+03  
               52.0397           184.448E+03  
               52.5397           185.357E+03  
               53.0397           186.263E+03  
               53.5397           187.166E+03  
               54.0397           188.065E+03  
               54.5397           188.957E+03  
               55.0397           189.839E+03  
               55.5397           190.711E+03  
               56.0397           191.572E+03  
               56.5397           192.421E+03  
               57.0397           193.257E+03  
               57.5397           194.076E+03  
               58.0397           194.868E+03  
               58.5397           195.632E+03  
               59.0397           196.374E+03  
               59.5397           197.092E+03  
               60.0397           197.789E+03  
               60.5397           198.462E+03  
               61.0397           199.114E+03  
               61.5397           199.756E+03  
               62.0397           200.387E+03  
               62.5397           201.007E+03  
               63.0397           201.619E+03  
               63.5397           202.222E+03  
               64.0397           202.817E+03  
               64.5397           203.403E+03  
               65.0397           203.984E+03  
               65.5397           204.561E+03  
               66.0397           205.133E+03  
               66.5397           205.702E+03  
               67.0397           206.267E+03  
               67.5397           206.827E+03  
               68.0397           207.381E+03  
               68.5397           207.931E+03  
               69.0397           208.477E+03  
               69.5397           209.018E+03  
               70.0397           209.555E+03  
               70.5397           210.087E+03  
               71.0397           210.615E+03  
               71.5397           211.138E+03  
               72.0397           211.658E+03  
               72.5397           212.175E+03  
               73.0397           212.69E+03   
               73.5397           213.204E+03  
               74.0397           213.719E+03  
               74.5397           214.233E+03  
               75.0397           214.749E+03  
               75.5397           215.27E+03   
               76.0397           215.796E+03  
               76.5397           216.323E+03  
               77.0397           216.851E+03  
               77.5397           217.386E+03  
               78.0397           217.925E+03  
               78.5397           218.471E+03  
               79.0397           219.021E+03  
               79.5397           219.58E+03   
               80.0397           220.148E+03  
               80.5397           220.726E+03  
               81.0397           221.308E+03  
               81.5397           221.896E+03  
               82.0397           222.487E+03  
               82.5397           223.084E+03  
               83.0397           223.681E+03  
               83.5397           224.282E+03  
               84.0397           224.887E+03  
               84.5397           225.495E+03  
               85.0397           226.099E+03  
               85.5397           226.703E+03  
               86.0397           227.307E+03  
               86.5397           227.913E+03  
               87.0397           228.519E+03  
               87.5397           229.124E+03  
               88.0397           229.732E+03  
               88.5397           230.341E+03  
               89.0397           230.95E+03   
               89.5397           231.557E+03  
               90.0397           232.16E+03   
               90.5397           232.761E+03  
               91.0397           233.357E+03  
               91.5397           233.953E+03  
               92.0397           234.551E+03  
               92.5397           235.144E+03  
               93.0397           235.732E+03  
               93.5397           236.316E+03  
               94.0397           236.891E+03  
               94.5397           237.461E+03  
               95.0397           238.026E+03  
               95.5397           238.586E+03  
               96.0397           239.139E+03  
               96.5397           239.687E+03  
               97.0397           240.226E+03  
               97.5397           240.757E+03  
               98.0397           241.284E+03  
               98.5397           241.802E+03  
               99.0397           242.312E+03  
               99.5397           242.821E+03  
              100.04             243.331E+03  
              100.54             243.84E+03   
              101.04             244.346E+03  
              101.54             244.851E+03  
              102.04             245.353E+03  
              102.54             245.85E+03   
              103.04             246.347E+03  
              103.54             246.84E+03   
              104.04             247.328E+03  
              104.54             247.822E+03  
              105.04             248.314E+03  
              105.54             248.802E+03  
              106.04             249.287E+03  
              106.54             249.78E+03   
              107.04             250.276E+03  
              107.54             250.774E+03  
              108.04             251.271E+03  
              108.54             251.768E+03  
              109.04             252.265E+03  
              109.54             252.758E+03  
              110.04             253.25E+03   
              110.54             253.74E+03   
              111.04             254.229E+03  
              111.54             254.718E+03  
              112.04             255.204E+03  
              112.54             255.691E+03  
              113.04             256.175E+03  
              113.54             256.659E+03  
              114.04             257.142E+03  
              114.54             257.625E+03  
              115.04             258.105E+03  
              115.54             258.584E+03  
              116.04             259.063E+03  
              116.54             259.541E+03  
              117.04             260.019E+03  
              117.54             260.494E+03  
              118.04             260.969E+03  
              118.54             261.442E+03  
              119.04             261.914E+03  
              119.54             262.385E+03  
              120.04             262.855E+03  
              120.54             263.325E+03  
              121.04             263.792E+03  
              121.54             264.259E+03  
              122.04             264.724E+03  
              122.54             265.188E+03  
              123.04             265.651E+03  
              123.54             266.114E+03  
              124.04             266.575E+03  
              124.54             267.037E+03  
              125.04             267.5E+03    
              125.54             267.962E+03  
              126.04             268.422E+03  
              126.54             268.882E+03  
              127.04             269.341E+03  
              127.54             269.798E+03  
              128.04             270.256E+03  
              128.54             270.712E+03  
              129.04             271.167E+03  
              129.54             271.622E+03  
              130.04             272.077E+03  
              130.54             272.531E+03  
              131.04             272.983E+03  
              131.54             273.435E+03  
              132.04             273.885E+03  
              132.54             274.333E+03  
              133.04             274.781E+03  
              133.54             275.227E+03  
              134.04             275.671E+03  
              134.54             276.114E+03  
              135.04             276.555E+03  
              135.54             276.995E+03  
              136.04             277.433E+03  
              136.54             277.87E+03   
              137.04             278.306E+03  
              137.54             278.74E+03   
              138.04             279.171E+03  
              138.54             279.602E+03  
              139.04             280.031E+03  
              139.54             280.458E+03  
              140.04             280.884E+03  
              140.54             281.308E+03  
              141.04             281.731E+03  
              141.54             282.151E+03  
              142.04             282.57E+03   
              142.54             282.987E+03  
              143.04             283.403E+03  
              143.54             283.817E+03  
              144.04             284.23E+03   
              144.54             284.642E+03  
              145.04             285.051E+03  
              145.54             285.458E+03  
              146.04             285.864E+03  
              146.54             286.267E+03  
              147.04             286.67E+03   
              147.54             287.071E+03  
              148.04             287.47E+03   
              148.54             287.868E+03  
              149.04             288.265E+03  
              149.54             288.661E+03  
              150.04             289.055E+03  
              150.54             289.448E+03  
              151.04             289.84E+03   
              151.54             290.229E+03  
              152.04             290.617E+03  
              152.352            290.859E+03  
              152.633            291.077E+03  
              153.055            291.402E+03  
              153.555            291.787E+03  
              154.055            292.17E+03   
              154.555            292.552E+03  
              155.055            292.932E+03  
              155.555            293.311E+03  
              156.055            293.69E+03   
              156.555            294.068E+03  
              157.055            294.444E+03  
              157.555            294.819E+03  
              158.055            295.192E+03  
              158.555            295.564E+03  
              159.055            295.934E+03  
              159.555            296.305E+03  
              160.055            296.675E+03  
              160.555            297.044E+03  
              161.055            297.411E+03  
              161.555            297.776E+03  
              162.055            298.141E+03  
              162.555            298.504E+03  
              163.055            298.866E+03  
              163.555            299.226E+03  
              164.055            299.585E+03  
              164.555            299.941E+03  
              165.055            300.297E+03  
              165.555            300.65E+03   
              166.055            300.998E+03  
              166.555            301.345E+03  
              167.055            301.691E+03  
              167.555            302.036E+03  
              168.055            302.38E+03   
              168.555            302.721E+03  
              169.055            303.058E+03  
              169.555            303.389E+03  
              170.055            303.709E+03  
              170.555            304.021E+03  
              171.055            304.337E+03  
              171.555            304.657E+03  
              172.055            304.981E+03  
              172.555            305.304E+03  
              173.055            305.628E+03  
              173.555            305.952E+03  
              174.055            306.276E+03  
              174.555            306.598E+03  
              175.055            306.92E+03   
              175.555            307.24E+03   
              176.055            307.559E+03  
              176.555            307.876E+03  
              177.055            308.191E+03  
              177.555            308.503E+03  
              178.055            308.811E+03  
              178.555            309.117E+03  
              179.055            309.423E+03  
              179.555            309.728E+03  
              180.055            310.032E+03  
              180.555            310.334E+03  
              181.055            310.633E+03  
              181.555            310.93E+03   
              182.055            311.227E+03  
              182.555            311.522E+03  
              183.055            311.813E+03  
              183.555            312.103E+03  
              184.055            312.391E+03  
              184.555            312.676E+03  
              185.055            312.96E+03   
              185.555            313.24E+03   
              186.055            313.517E+03  
              186.555            313.79E+03   
              187.055            314.06E+03   
              187.555            314.326E+03  
              188.055            314.584E+03  
              188.555            314.833E+03  
              189.055            315.06E+03   
              189.555            315.296E+03  
              190.055            315.538E+03  
              190.555            315.779E+03  
              191.055            316.019E+03  
              191.555            316.26E+03   
              192.055            316.5E+03    
              192.555            316.738E+03  
              193.055            316.972E+03  
              193.555            317.2E+03    
              194.055            317.419E+03  
              194.555            317.631E+03  
              195.055            317.836E+03  
              195.555            318.033E+03  
              196.055            318.216E+03  
              196.555            318.376E+03  
              197.055            318.505E+03  
              197.555            318.57E+03   
              198.055            318.406E+03  
              198.555            301.77E+03   
              199.055            283.396E+03  
              199.555            274.172E+03  
              200.055            269.629E+03  
              200.555            267.266E+03  
              200.68             266.783E+03  
              200.868            266.235E+03  
              201.149            265.678E+03  
              201.571            265.169E+03  
              201.696            265.039E+03  
              201.883            264.883E+03  
              202.165            264.703E+03  
              202.587            264.495E+03  
              203.087            264.278E+03  
              203.587            264.061E+03  
              204.087            263.819E+03  
              204.212            263.755E+03  
              204.68             263.478E+03  
              205.102            262.92E+03   
              205.602            259.78E+03   
              206.102            254.021E+03  
              206.602            248.619E+03  
              207.102            243.861E+03  
              207.602            239.92E+03   
              207.915            237.606E+03  
              208.196            235.844E+03  
              208.301            235.233E+03  
              208.411            234.632E+03  
              208.649            233.542E+03  
              208.818            232.941E+03  
              209.072            232.244E+03  
              209.452            231.521E+03  
              209.952            230.858E+03  
              210.452            230.334E+03  
              210.952            229.926E+03  
              211.077            229.833E+03  
              211.264            229.709E+03  




