
                             cnt-original-C100
                  X              -Yrockwool   

                0.                -0.         
              200.E-03           985.143      
              400.E-03             1.90172E+03
              700.E-03             3.2954E+03 
                1.15               5.38619E+03
                1.65               7.70929E+03
                2.15              10.0324E+03 
                2.65              12.3555E+03 
                3.15              14.6786E+03 
                3.65              17.0017E+03 
                4.15              19.3248E+03 
                4.65              21.6479E+03 
                5.15              23.971E+03  
                5.65              26.2941E+03 
                6.15              28.6172E+03 
                6.65              30.9403E+03 
                7.15              33.2634E+03 
                7.65              35.5865E+03 
                8.15              37.9096E+03 
                8.65              40.2327E+03 
                9.15              42.5558E+03 
                9.65              44.8789E+03 
               10.15              47.2014E+03 
               10.65              49.5232E+03 
               11.15              51.8442E+03 
               11.65              54.1653E+03 
               12.15              56.4839E+03 
               12.65              58.7583E+03 
               13.15              61.0754E+03 
               13.65              63.486E+03  
               14.15              65.7725E+03 
               14.65              68.0466E+03 
               15.15              70.3117E+03 
               15.65              72.5644E+03 
               16.15              74.796E+03  
               16.65              76.9971E+03 
               17.15              79.1665E+03 
               17.65              81.3094E+03 
               18.15              83.4274E+03 
               18.65              85.5314E+03 
               19.15              87.6289E+03 
               19.65              89.7226E+03 
               20.15              91.8131E+03 
               20.65              94.0363E+03 
               21.15              96.1152E+03 
               21.65              98.1911E+03 
               22.15             100.265E+03  
               22.65             102.335E+03  
               23.15             104.406E+03  
               23.65             106.477E+03  
               24.15             108.54E+03   
               24.65             110.592E+03  
               25.15             112.634E+03  
               25.275            113.145E+03  
               25.4625           113.901E+03  
               25.7437           115.045E+03  
               26.1656           116.772E+03  
               26.6656           118.823E+03  
               27.1656           120.849E+03  
               27.6656           122.855E+03  
               28.1656           124.853E+03  
               28.6656           126.832E+03  
               29.1656           128.766E+03  
               29.6656           130.646E+03  
               30.1656           132.491E+03  
               30.6656           134.282E+03  
               31.1656           136.044E+03  
               31.6656           137.781E+03  
               32.1656           139.482E+03  
               32.6656           141.151E+03  
               33.1656           142.766E+03  
               33.6656           144.331E+03  
               34.1656           145.844E+03  
               34.6656           147.308E+03  
               35.1656           148.723E+03  
               35.6656           150.105E+03  
               36.1656           151.466E+03  
               36.6656           152.795E+03  
               37.1656           154.104E+03  
               37.6656           155.394E+03  
               38.1656           156.664E+03  
               38.6656           157.91E+03   
               39.1656           159.107E+03  
               39.6656           160.269E+03  
               40.1656           161.412E+03  
               40.6656           162.522E+03  
               41.1656           163.609E+03  
               41.6656           164.679E+03  
               42.1656           165.734E+03  
               42.6656           166.777E+03  
               43.1656           167.809E+03  
               43.6656           168.828E+03  
               44.1656           169.838E+03  
               44.6656           170.835E+03  
               45.1656           171.821E+03  
               45.6656           172.798E+03  
               46.1656           173.767E+03  
               46.6656           174.728E+03  
               47.1656           175.684E+03  
               47.6656           176.634E+03  
               48.1656           177.58E+03   
               48.6656           178.521E+03  
               49.1656           179.458E+03  
               49.6656           180.391E+03  
               50.1656           181.32E+03   
               50.6656           182.245E+03  
               51.1656           183.168E+03  
               51.6656           184.084E+03  
               52.1656           184.996E+03  
               52.6656           185.905E+03  
               53.1656           186.812E+03  
               53.6656           187.715E+03  
               54.1656           188.613E+03  
               54.6656           189.503E+03  
               55.1656           190.384E+03  
               55.6656           191.251E+03  
               56.1656           192.108E+03  
               56.6656           192.954E+03  
               57.1656           193.786E+03  
               57.6656           194.598E+03  
               58.1656           195.382E+03  
               58.6656           196.14E+03   
               59.1656           196.875E+03  
               59.6656           197.588E+03  
               60.1656           198.279E+03  
               60.6656           198.945E+03  
               61.1656           199.593E+03  
               61.6656           200.232E+03  
               62.1656           200.861E+03  
               62.6656           201.478E+03  
               63.1656           202.087E+03  
               63.6656           202.688E+03  
               64.1656           203.28E+03   
               64.6656           203.865E+03  
               65.1656           204.445E+03  
               65.6656           205.017E+03  
               66.1656           205.588E+03  
               66.6656           206.156E+03  
               67.1656           206.72E+03   
               67.6656           207.278E+03  
               68.1656           207.832E+03  
               68.6656           208.38E+03   
               69.1656           208.925E+03  
               69.6656           209.465E+03  
               70.1656           210.001E+03  
               70.6656           210.533E+03  
               71.1656           211.059E+03  
               71.6656           211.581E+03  
               72.1656           212.1E+03    
               72.6656           212.617E+03  
               73.1656           213.132E+03  
               73.6656           213.647E+03  
               74.1656           214.161E+03  
               74.6656           214.676E+03  
               75.1656           215.192E+03  
               75.6656           215.716E+03  
               76.1656           216.243E+03  
               76.6656           216.77E+03   
               77.1656           217.299E+03  
               77.6656           217.836E+03  
               78.1656           218.377E+03  
               78.6656           218.924E+03  
               79.1656           219.475E+03  
               79.6656           220.037E+03  
               80.1656           220.609E+03  
               80.6656           221.187E+03  
               81.1656           221.771E+03  
               81.6656           222.359E+03  
               82.1656           222.951E+03  
               82.6656           223.546E+03  
               83.1656           224.145E+03  
               83.6656           224.746E+03  
               84.1656           225.351E+03  
               84.6656           225.959E+03  
               85.1656           226.558E+03  
               85.6656           227.159E+03  
               86.1656           227.761E+03  
               86.6656           228.365E+03  
               87.1656           228.969E+03  
               87.6656           229.571E+03  
               88.1656           230.177E+03  
               88.6656           230.782E+03  
               89.1656           231.389E+03  
               89.6656           231.993E+03  
               90.1656           232.593E+03  
               90.6656           233.191E+03  
               91.1656           233.784E+03  
               91.6656           234.378E+03  
               92.1656           234.969E+03  
               92.6656           235.552E+03  
               93.1656           236.123E+03  
               93.6656           236.684E+03  
               94.1656           237.243E+03  
               94.6656           237.8E+03    
               95.1656           238.353E+03  
               95.6656           238.906E+03  
               96.1656           239.482E+03  
               96.6656           240.025E+03  
               96.8375           240.209E+03  
               97.0133           240.397E+03  
               97.4088           240.815E+03  
               97.7647           241.191E+03  
               98.2647           241.717E+03  
               98.7647           242.241E+03  
               99.2647           242.76E+03   
               99.7647           243.276E+03  
              100.265            243.786E+03  
              100.765            244.308E+03  
              101.265            244.819E+03  
              101.765            245.329E+03  
              102.265            245.837E+03  
              102.765            246.344E+03  
              103.265            246.847E+03  
              103.765            247.349E+03  
              104.265            247.851E+03  
              104.765            248.354E+03  
              105.265            248.854E+03  
              105.765            249.353E+03  
              106.265            249.852E+03  
              106.765            250.35E+03   
              107.265            250.849E+03  
              107.765            251.348E+03  
              108.265            251.847E+03  
              108.765            252.346E+03  
              109.265            252.843E+03  
              109.765            253.338E+03  
              110.265            253.831E+03  
              110.765            254.323E+03  
              111.265            254.812E+03  
              111.765            255.299E+03  
              112.265            255.788E+03  
              112.765            256.273E+03  
              113.265            256.756E+03  
              113.765            257.239E+03  
              114.265            257.722E+03  
              114.765            258.204E+03  
              115.265            258.684E+03  
              115.765            259.163E+03  
              116.265            259.637E+03  
              116.765            260.12E+03   
              117.265            260.596E+03  
              117.765            261.071E+03  
              118.265            261.545E+03  
              118.765            262.018E+03  
              119.265            262.49E+03   
              119.765            262.961E+03  
              120.265            263.431E+03  
              120.765            263.9E+03    
              121.265            264.368E+03  
              121.765            264.835E+03  
              122.265            265.3E+03    
              122.765            265.765E+03  
              123.265            266.229E+03  
              123.765            266.692E+03  
              124.265            267.154E+03  
              124.765            267.617E+03  
              125.265            268.08E+03   
              125.765            268.542E+03  
              126.265            269.004E+03  
              126.765            269.464E+03  
              127.265            269.924E+03  
              127.765            270.383E+03  
              128.265            270.842E+03  
              128.765            271.299E+03  
              129.265            271.755E+03  
              129.765            272.211E+03  
              130.265            272.666E+03  
              130.765            273.12E+03   
              131.265            273.572E+03  
              131.765            274.024E+03  
              132.265            274.473E+03  
              132.765            274.921E+03  
              133.265            275.367E+03  
              133.765            275.811E+03  
              134.265            276.255E+03  
              134.765            276.696E+03  
              135.265            277.136E+03  
              135.765            277.574E+03  
              136.265            278.011E+03  
              136.765            278.447E+03  
              137.265            278.88E+03   
              137.765            279.312E+03  
              138.265            279.743E+03  
              138.765            280.172E+03  
              139.265            280.6E+03    
              139.765            281.026E+03  
              140.265            281.451E+03  
              140.765            281.874E+03  
              141.265            282.295E+03  
              141.765            282.714E+03  
              142.265            283.132E+03  
              142.765            283.548E+03  
              143.265            283.963E+03  
              143.765            284.376E+03  
              144.265            284.787E+03  
              144.765            285.196E+03  
              145.265            285.603E+03  
              145.765            286.008E+03  
              146.265            286.411E+03  
              146.765            286.814E+03  
              147.265            287.216E+03  
              147.765            287.617E+03  
              148.265            288.017E+03  
              148.765            288.415E+03  
              149.265            288.812E+03  
              149.765            289.209E+03  
              150.265            289.603E+03  
              150.765            289.997E+03  
              151.265            290.389E+03  
              151.765            290.778E+03  
              152.265            291.167E+03  
              152.577            291.41E+03   
              152.858            291.628E+03  
              153.28             291.955E+03  
              153.78             292.34E+03   
              154.28             292.725E+03  
              154.78             293.108E+03  
              155.28             293.489E+03  
              155.405            293.584E+03  
              155.874            293.941E+03  
              156.296            294.262E+03  
              156.796            294.64E+03   
              157.296            295.018E+03  
              157.796            295.394E+03  
              158.296            295.768E+03  
              158.796            296.142E+03  
              159.296            296.514E+03  
              159.796            296.886E+03  
              160.296            297.258E+03  
              160.796            297.629E+03  
              161.296            297.997E+03  
              161.796            298.365E+03  
              162.296            298.733E+03  
              162.796            299.098E+03  
              163.296            299.463E+03  
              163.796            299.827E+03  
              164.296            300.189E+03  
              164.796            300.55E+03   
              165.296            300.91E+03   
              165.796            301.267E+03  
              166.296            301.62E+03   
              166.796            301.973E+03  
              167.296            302.324E+03  
              167.796            302.676E+03  
              168.296            303.026E+03  
              168.796            303.374E+03  
              169.296            303.722E+03  
              169.796            304.068E+03  
              170.296            304.408E+03  
              170.796            304.744E+03  
              171.296            305.079E+03  
              171.796            305.41E+03   
              172.296            305.741E+03  
              172.796            306.07E+03   
              173.296            306.399E+03  
              173.796            306.727E+03  
              174.296            307.054E+03  
              174.796            307.38E+03   
              175.296            307.705E+03  
              175.796            308.029E+03  
              176.296            308.35E+03   
              176.796            308.671E+03  
              177.296            308.99E+03   
              177.796            309.306E+03  
              178.296            309.619E+03  
              178.796            309.93E+03   
              179.296            310.239E+03  
              179.796            310.546E+03  
              180.296            310.852E+03  
              180.796            311.156E+03  
              181.296            311.458E+03  
              181.796            311.755E+03  
              182.296            312.051E+03  
              182.796            312.342E+03  
              183.296            312.627E+03  
              183.796            312.911E+03  
              184.296            313.192E+03  
              184.796            313.475E+03  
              185.296            313.76E+03   
              185.796            314.042E+03  
              186.296            314.322E+03  
              186.796            314.599E+03  
              187.296            314.874E+03  
              187.796            315.146E+03  
              188.296            315.413E+03  
              188.796            315.678E+03  
              189.296            315.939E+03  
              189.796            316.197E+03  
              190.296            316.452E+03  
              190.796            316.701E+03  
              191.296            316.945E+03  
              191.796            317.184E+03  
              192.296            317.418E+03  
              192.796            317.645E+03  
              193.296            317.864E+03  
              193.796            318.076E+03  
              194.296            318.288E+03  
              194.796            318.494E+03  
              195.296            318.698E+03  
              195.796            318.891E+03  
              196.296            319.07E+03   
              196.796            319.228E+03  
              197.296            319.344E+03  
              197.796            319.324E+03  
              197.921            319.522E+03  
              198.108            319.41E+03   
              198.296            319.098E+03  
              198.483            318.259E+03  
              198.765            309.984E+03  
              199.187            288.303E+03  
              199.687            274.667E+03  
              200.187            267.809E+03  
              200.312            266.404E+03  
              200.499            264.777E+03  
              200.78             263.074E+03  
              200.886            262.525E+03  
              201.044            261.866E+03  
              201.281            261.122E+03  
              201.637            260.34E+03   
              202.137            259.668E+03  
              202.637            259.241E+03  
              203.137            258.939E+03  
              203.637            258.711E+03  
              204.137            258.518E+03  
              204.637            258.292E+03  
              205.137            258.014E+03  
              205.637            257.706E+03  
              206.137            257.367E+03  
              206.637            256.971E+03  
              207.137            256.535E+03  
              207.637            256.161E+03  
              208.137            255.789E+03  
              208.637            255.524E+03  
              209.137            255.29E+03   
              209.637            254.997E+03  
              210.137            254.829E+03  
              210.637            254.688E+03  
              211.137            254.554E+03  
              211.637            254.413E+03  
              212.137            254.218E+03  
              212.637            253.786E+03  
              213.137            251.885E+03  
              213.637            248.039E+03  
              214.137            244.56E+03   
              214.637            242.023E+03  
              215.137            239.702E+03  
              215.637            237.601E+03  
              216.137            235.514E+03  
              216.637            233.507E+03  
              217.137            231.891E+03  
              217.637            230.808E+03  
              218.137            230.162E+03  
              218.262            230.025E+03  
              218.45             229.838E+03  
              218.645            229.661E+03  
              218.868            229.509E+03  
              219.106            229.381E+03  
              219.211            229.323E+03  
              219.449            229.186E+03  
              219.663            229.074E+03  
              219.983            228.899E+03  
              220.464            228.643E+03  
              220.964            228.439E+03  
              221.464            228.26E+03   
              221.964            228.087E+03  
              222.464            227.906E+03  
              222.777            227.794E+03  
              222.847            227.768E+03  
              223.058            227.689E+03  
              223.322            227.567E+03  
              223.559            227.46E+03   
              223.915            227.281E+03  
              224.04             227.219E+03  
              224.228            227.114E+03  
              224.403            227.017E+03  
              224.799            226.811E+03  
              225.155            226.668E+03  
              225.655            226.489E+03  
              226.155            226.322E+03  
              226.655            226.17E+03   
              227.155            226.004E+03  
              227.655            225.829E+03  
              227.803            225.769E+03  
              228.023            225.67E+03   
              228.211            225.602E+03  
              228.545            225.484E+03  
              228.845            225.377E+03  
              229.126            225.282E+03  
              229.211            225.251E+03  
              229.467            225.161E+03  
              229.768            225.061E+03  
              230.039            224.975E+03  
              230.445            224.867E+03  
              230.945            224.746E+03  
              231.445            224.635E+03  
              231.945            224.53E+03   
              232.445            224.431E+03  
              232.945            224.338E+03  
              233.445            224.252E+03  
              233.757            224.202E+03  
              233.81             224.18E+03   
              234.024            224.128E+03  
              234.358            224.076E+03  
              234.658            224.027E+03  
              235.109            223.951E+03  
              235.609            223.853E+03  
              236.109            223.74E+03   
              236.609            223.607E+03  
              237.109            223.462E+03  
              237.609            223.272E+03  
              238.109            222.971E+03  
              238.609            222.546E+03  
              239.109            221.949E+03  
              239.609            221.268E+03  
              240.109            220.711E+03  
              240.609            220.275E+03  
              240.921            220.038E+03  
              241.202            219.884E+03  
              241.624            219.711E+03  
              242.124            219.574E+03  
              242.624            219.46E+03   
              242.878            219.406E+03  
              243.036            219.377E+03  
              243.353            219.311E+03  
              243.412            219.299E+03  
              243.705            219.247E+03  
              243.874            219.212E+03  
              244.128            219.164E+03  
              244.508            219.113E+03  
              244.633            219.094E+03  
              244.82             219.063E+03  
              245.036            219.022E+03  
              245.214            218.975E+03  
              245.436            218.931E+03  
              245.636            218.895E+03  
              245.937            218.83E+03   
              246.387            218.747E+03  
              246.887            218.682E+03  
              247.387            218.605E+03  
              247.887            218.523E+03  
              248.387            218.43E+03   
              248.887            218.319E+03  
              249.012            218.279E+03  
              249.481            218.148E+03  
              249.903            218.016E+03  
              250.403            217.85E+03   
              250.903            217.685E+03  
              251.403            217.512E+03  
              251.903            217.33E+03   
              252.028            217.283E+03  
              252.215            217.211E+03  
              252.431            217.125E+03  
              252.712            217.003E+03  
              252.913            216.912E+03  
              253.213            216.775E+03  
              253.664            216.554E+03  
              254.164            216.305E+03  
              254.664            216.065E+03  
              255.164            215.842E+03  
              255.664            215.628E+03  
              256.164            215.424E+03  
              256.664            215.209E+03  
              257.164            215.038E+03  
              257.664            214.86E+03   
              258.164            214.686E+03  
              258.664            214.516E+03  
              259.164            214.344E+03  
              259.664            214.187E+03  
              260.164            214.034E+03  
              260.664            213.867E+03  
              261.164            213.694E+03  
              261.664            213.475E+03  
              261.976            213.372E+03  
              262.257            213.251E+03  
              262.679            213.03E+03   
              263.179            212.793E+03  
              263.679            212.495E+03  
              264.179            212.169E+03  
              264.679            211.805E+03  
              265.179            211.433E+03  
              265.679            211.036E+03  
              266.179            210.63E+03   
              266.679            210.262E+03  
              267.179            209.913E+03  
              267.679            209.569E+03  
              268.179            209.197E+03  
              268.679            208.815E+03  
              269.179            208.437E+03  
              269.679            208.09E+03   
              270.179            207.792E+03  
              270.679            207.523E+03  
              271.179            207.269E+03  
              271.679            207.02E+03   
              272.179            206.777E+03  
              272.679            206.531E+03  
              273.179            206.279E+03  
              273.679            206.048E+03  
              274.179            205.843E+03  
              274.679            205.653E+03  
              275.179            205.478E+03  
              275.679            205.341E+03  
              276.179            205.22E+03   
              276.679            205.114E+03  
              277.179            205.058E+03  
              277.679            204.972E+03  
              278.179            204.894E+03  
              278.679            204.82E+03   
              279.179            204.752E+03  
              279.679            204.686E+03  
              280.179            204.633E+03  
              280.679            204.59E+03   
              281.179            204.556E+03  
              281.679            204.531E+03  
              282.179            204.522E+03  
              282.679            204.505E+03  
              283.179            204.484E+03  
              283.679            204.461E+03  
              284.179            204.437E+03  
              284.679            204.415E+03  
              285.179            204.401E+03  
              285.679            204.39E+03   
              286.179            204.379E+03  
              286.679            204.365E+03  
              287.179            204.347E+03  
              287.679            204.329E+03  
              288.179            204.313E+03  
              288.679            204.295E+03  
              289.179            204.277E+03  
              289.679            204.259E+03  
              290.179            204.24E+03   
              290.679            204.221E+03  
              291.179            204.2E+03    
              291.679            204.156E+03  
              292.179            204.133E+03  
              292.679            204.108E+03  
              293.179            204.084E+03  
              293.679            204.062E+03  
              294.179            204.04E+03   
              294.679            204.014E+03  
              295.179            203.981E+03  
              295.679            203.946E+03  
              296.179            203.916E+03  
              296.679            203.887E+03  
              297.179            203.864E+03  
              297.679            203.84E+03   
              298.179            203.815E+03  
              298.679            203.787E+03  
              299.179            203.763E+03  
              299.679            203.738E+03  
              300.               203.721E+03  




