
                  X               XYData-1    

                0.                -0.         
              200.E-03           791.591      
              400.E-03             1.53137E+03
              600.E-03             2.28481E+03
              900.E-03             3.41535E+03
                1.35               5.11115E+03
                1.85               6.99538E+03
                2.35               8.87961E+03
                2.85              10.7638E+03 
                3.35              12.6477E+03 
                3.85              14.5305E+03 
                4.35              16.4083E+03 
                4.85              18.2768E+03 
                5.35              20.1298E+03 
                5.85              21.9593E+03 
                6.35              23.7778E+03 
                6.85              25.5922E+03 
                7.35              27.3934E+03 
                7.475             27.8404E+03 
                7.6625            28.5068E+03 
                7.94375           29.4607E+03 
                8.00527           29.8196E+03 
                8.21075           30.5283E+03 
                8.49232           31.4853E+03 
                8.74573           32.3398E+03 
                8.84076           32.6551E+03 
                9.12585           33.5334E+03 
                9.26839           34.0073E+03 
                9.41093           34.4887E+03 
                9.66484           35.3493E+03 
                9.84525           35.9529E+03 
               10.0101            36.8828E+03 
               10.2813            37.7769E+03 
               10.4017            38.1763E+03 
               10.6243            38.8986E+03 
               10.8204            39.5486E+03 
               11.0068            40.0751E+03 
               11.2718            40.9725E+03 
               11.4601            41.6118E+03 
               11.7425            42.5616E+03 
               11.8484            42.9157E+03 
               12.0371            43.5426E+03 
               12.2183            44.1041E+03 
               12.4596            44.8801E+03 
               12.6092            45.3863E+03 
               12.8031            45.9693E+03 
               13.0392            46.7846E+03 
               13.4069            48.0452E+03 
               13.6108            48.7396E+03 
               13.8758            49.6107E+03 
               14.0083            50.0628E+03 
               14.2071            50.7403E+03 
               14.5052            51.753E+03  
               14.9525            53.2697E+03 
               15.0775            53.6935E+03 
               15.265             54.3297E+03 
               15.5462            55.2832E+03 
               15.6517            55.6396E+03 
               15.8062            56.1595E+03 
               16.0557            56.9957E+03 
               16.2933            57.8002E+03 
               16.4202            58.2292E+03 
               16.6457            58.9899E+03 
               16.8867            59.8003E+03 
               17.058             60.3783E+03 
               17.2185            60.9224E+03 
               17.4139            61.5777E+03 
               17.6432            62.3354E+03 
               17.9179            63.2682E+03 
               18.165             64.1089E+03 
               18.5357            65.3689E+03 
               18.6607            65.7929E+03 
               18.8482            66.4267E+03 
               19.0152            66.9902E+03 
               19.2229            67.6919E+03 
               19.4342            68.4034E+03 
               19.6284            69.0529E+03 
               19.9016            69.9718E+03 
               20.062             70.5099E+03 
               20.3025            71.317E+03  
               20.6633            72.5269E+03 
               21.1633            74.1994E+03 
               21.6633            75.8689E+03 
               22.1633            77.5347E+03 
               22.6633            79.197E+03  
               22.9758            80.2338E+03 
               23.0461            80.4667E+03 
               23.3098            81.3379E+03 
               23.5471            82.1223E+03 
               23.6361            82.4162E+03 
               23.8196            83.0218E+03 
               24.0073            83.6382E+03 
               24.4297            85.0224E+03 
               24.8098            86.2584E+03 
               25.3098            87.8673E+03 
               25.8098            89.4579E+03 
               26.1223            90.441E+03  
               26.2629            90.8806E+03 
               26.5134            91.6565E+03 
               26.6372            92.0311E+03 
               26.8061            92.5453E+03 
               27.0173            93.1903E+03 
               27.2073            93.7678E+03 
               27.4924            94.6244E+03 
               27.9201            95.8834E+03 
               28.4201            97.3262E+03 
               28.9201            98.7424E+03 
               29.4201           100.127E+03  
               29.9201           101.483E+03  
               30.0451           101.819E+03  
               30.2326           102.319E+03  
               30.4034           102.769E+03  
               30.6287           103.357E+03  
               30.9102           104.092E+03  
               31.1636           104.751E+03  
               31.5438           105.724E+03  
               32.0438           106.979E+03  
               32.5438           108.212E+03  
               32.6688           108.517E+03  
               32.8914           109.053E+03  
               33.0496           109.436E+03  
               33.2869           110.005E+03  
               33.6429           110.852E+03  
               34.1429           112.029E+03  
               34.6429           113.183E+03  
               35.1429           114.31E+03   
               35.6429           115.402E+03  
               36.1429           116.475E+03  
               36.6429           117.533E+03  
               37.1429           118.572E+03  
               37.6429           119.599E+03  
               38.1429           120.617E+03  
               38.6429           121.626E+03  
               39.1429           122.623E+03  
               39.6429           123.605E+03  
               40.1429           124.575E+03  
               40.6429           125.533E+03  
               41.1429           126.487E+03  
               41.6429           127.436E+03  
               42.1429           128.377E+03  
               42.6429           129.307E+03  
               43.1429           130.228E+03  
               43.6429           131.143E+03  
               44.1429           132.055E+03  
               44.6429           132.962E+03  
               45.1429           133.864E+03  
               45.6429           134.758E+03  
               46.1429           135.637E+03  
               46.2679           135.854E+03  
               46.4554           136.18E+03   
               46.6064           136.44E+03   
               46.8998           136.942E+03  
               47.0688           137.235E+03  
               47.2271           137.509E+03  
               47.4231           137.848E+03  
               47.6212           138.188E+03  
               47.8115           138.519E+03  
               48.0827           138.986E+03  
               48.2753           139.317E+03  
               48.5643           139.811E+03  
               48.9977           140.545E+03  
               49.4977           141.373E+03  
               49.6227           141.576E+03  
               49.8102           141.878E+03  
               50.0169           142.202E+03  
               50.2144           142.506E+03  
               50.4683           142.889E+03  
               50.6487           143.165E+03  
               50.9194           143.57E+03   
               51.3253           144.16E+03   
               51.8253           144.856E+03  
               52.3253           145.512E+03  
               52.8253           146.13E+03   
               53.3253           146.699E+03  
               53.8253           147.222E+03  
               54.3253           147.705E+03  
               54.8253           148.151E+03  
               55.3253           148.565E+03  
               55.8253           148.954E+03  
               56.3253           149.318E+03  
               56.8253           149.659E+03  
               57.3253           149.98E+03   
               57.8253           150.283E+03  
               58.3253           150.565E+03  
               58.8253           150.825E+03  
               59.3253           151.063E+03  
               59.8253           151.277E+03  
               60.3253           151.463E+03  
               60.8253           151.621E+03  
               61.3253           151.74E+03   
               61.8253           151.801E+03  
               62.3253           151.77E+03   
               62.8253           151.564E+03  
               63.3253           151.077E+03  
               63.8253           150.103E+03  
               64.3253           148.16E+03   
               64.4503           147.556E+03  
               64.6119           146.616E+03  
               64.8061           144.968E+03  
               65.0005           142.352E+03  
               65.2028           137.559E+03  




